<?xml version="1.0" encoding="UTF-8"?>
<!-- Generated by org.testng.reporters.JUnitReportReporter -->
<testsuite name="Example.LoginWithValidCredentials" tests="1" failures="0" timestamp="27 Jul 2018 06:54:06 GMT" time="4.706" errors="0">
  <testcase name="to_test_login_with_valid_credentials" time="4.706" classname="Example.LoginWithValidCredentials"/>
</testsuite> <!-- Example.LoginWithValidCredentials -->
