<?xml version="1.0" encoding="UTF-8"?>
<!-- Generated by org.testng.reporters.JUnitReportReporter -->
<testsuite name="Example.LoginWithInvalidCredentials" tests="1" failures="0" timestamp="27 Jul 2018 06:54:08 GMT" time="4.672" errors="0">
  <testcase name="to_test_login_with_invalid_credentials" time="4.672" classname="Example.LoginWithInvalidCredentials"/>
</testsuite> <!-- Example.LoginWithInvalidCredentials -->
