<?xml version="1.0" encoding="UTF-8"?>
<!-- Generated by org.testng.reporters.JUnitReportReporter -->
<testsuite name="Example.OpenLoginPage" tests="1" failures="0" timestamp="27 Jul 2018 06:54:07 GMT" time="2.331" errors="0">
  <testcase name="To_test_login_page_opening" time="2.331" classname="Example.OpenLoginPage"/>
</testsuite> <!-- Example.OpenLoginPage -->
