<?xml version="1.0" encoding="UTF-8"?>
<!-- Generated by org.testng.reporters.JUnitReportReporter -->
<testsuite name="Example.TestConnectionCheck" tests="1" failures="0" timestamp="27 Jul 2018 06:54:06 GMT" time="7.318" errors="0">
  <testcase name="To_test_connection" time="7.318" classname="Example.TestConnectionCheck"/>
</testsuite> <!-- Example.TestConnectionCheck -->
