<?xml version="1.0" encoding="UTF-8"?>
<!-- Generated by org.testng.reporters.JUnitReportReporter -->
<testsuite name="Example.TestBase" tests="1" failures="0" timestamp="27 Jul 2018 06:54:05 GMT" time="2.631" errors="0">
  <testcase name="launchBrowser" time="2.631" classname="Example.TestBase"/>
</testsuite> <!-- Example.TestBase -->
