<?xml version="1.0" encoding="UTF-8"?>
<!-- Generated by org.testng.reporters.JUnitReportReporter -->
<testsuite name="Example.OpenWebsite" tests="1" failures="0" timestamp="27 Jul 2018 06:54:08 GMT" time="0.143" errors="0">
  <testcase name="to_test_url_is_opening_or_not" time="0.143" classname="Example.OpenWebsite"/>
</testsuite> <!-- Example.OpenWebsite -->
